2020-10-05 15:21:07

Configure
Init
Affiche les cases
TILE(0, 1) > type: 0
Affiche les cases
TILE(1, 0) > type: 0
Affiche les cases
TILE(2, 1) > type: 0
Affiche les cases
TILE(0, 2) > type: 0
Affiche les cases
TILE(1, 1) > type: 2
Affiche les cases
TILE(1, 2) > type: 0
Affiche les cases
TILE(2, 0) > type: 2
Affiche les cases
TILE(2, -1) > type: 0
Affiche les cases
TILE(0, 0) > type: 0
Model
id : 0 coordonnées : 0 , 1 type : 0
ID Suivants : 0  1  3  4  8  
id : 1 coordonnées : 1 , 0 type : 0
ID Suivants : 0  1  4  6  7  8  
id : 2 coordonnées : 2 , 1 type : 0
ID Suivants : 2  4  5  6  
id : 3 coordonnées : 0 , 2 type : 0
ID Suivants : 0  3  4  5  
id : 4 coordonnées : 1 , 1 type : 2
ID Suivants : 0  1  2  3  4  5  6  
id : 5 coordonnées : 1 , 2 type : 0
ID Suivants : 2  3  4  5  
id : 6 coordonnées : 2 , 0 type : 2
ID Suivants : 1  2  4  6  7  
id : 7 coordonnées : 2 , -1 type : 0
ID Suivants : 1  6  7  
id : 8 coordonnées : 0 , 0 type : 0
ID Suivants : 0  1  8  

